2025-07-10 21:01:18,301 - __main__ - ERROR - Authentication failed for SICON: Message: 
Stacktrace:
0   chromedriver                        0x0000000100720ea4 cxxbridge1$str$ptr + 2722840
1   chromedriver                        0x0000000100718dac cxxbridge1$str$ptr + 2689824
2   chromedriver                        0x000000010026a3ec cxxbridge1$string$len + 90648
3   chromedriver                        0x00000001002b1544 cxxbridge1$string$len + 381808
4   chromedriver                        0x00000001002f2934 cxxbridge1$string$len + 649056
5   chromedriver                        0x00000001002a5834 cxxbridge1$string$len + 333408
6   chromedriver                        0x00000001006e3fc0 cxxbridge1$str$ptr + 2473268
7   chromedriver                        0x00000001006e722c cxxbridge1$str$ptr + 2486176
8   chromedriver                        0x00000001006c5a08 cxxbridge1$str$ptr + 2348924
9   chromedriver                        0x00000001006e7ae8 cxxbridge1$str$ptr + 2488412
10  chromedriver                        0x00000001006b6a98 cxxbridge1$str$ptr + 2287628
11  chromedriver                        0x00000001007079d8 cxxbridge1$str$ptr + 2619212
12  chromedriver                        0x0000000100707b64 cxxbridge1$str$ptr + 2619608
13  chromedriver                        0x00000001007189e8 cxxbridge1$str$ptr + 2688860
14  libsystem_pthread.dylib             0x000000019690ec0c _pthread_start + 136
15  libsystem_pthread.dylib             0x0000000196909b80 thread_start + 8

2025-07-10 21:01:43,842 - __main__ - ERROR - Authentication failed for SIFIN: Message: 
Stacktrace:
0   chromedriver                        0x0000000100720ea4 cxxbridge1$str$ptr + 2722840
1   chromedriver                        0x0000000100718dac cxxbridge1$str$ptr + 2689824
2   chromedriver                        0x000000010026a3ec cxxbridge1$string$len + 90648
3   chromedriver                        0x00000001002b1544 cxxbridge1$string$len + 381808
4   chromedriver                        0x00000001002f2934 cxxbridge1$string$len + 649056
5   chromedriver                        0x00000001002a5834 cxxbridge1$string$len + 333408
6   chromedriver                        0x00000001006e3fc0 cxxbridge1$str$ptr + 2473268
7   chromedriver                        0x00000001006e722c cxxbridge1$str$ptr + 2486176
8   chromedriver                        0x00000001006c5a08 cxxbridge1$str$ptr + 2348924
9   chromedriver                        0x00000001006e7ae8 cxxbridge1$str$ptr + 2488412
10  chromedriver                        0x00000001006b6a98 cxxbridge1$str$ptr + 2287628
11  chromedriver                        0x00000001007079d8 cxxbridge1$str$ptr + 2619212
12  chromedriver                        0x0000000100707b64 cxxbridge1$str$ptr + 2619608
13  chromedriver                        0x00000001007189e8 cxxbridge1$str$ptr + 2688860
14  libsystem_pthread.dylib             0x000000019690ec0c _pthread_start + 136
15  libsystem_pthread.dylib             0x0000000196909b80 thread_start + 8

