2025-07-10 14:02:00,626 - INFO - 🚀 Starting complete stable MF extraction with PDFs
2025-07-10 14:02:00,626 - INFO - 🚀 Creating Chrome driver with fallback approaches
2025-07-10 14:02:00,626 - INFO -    Attempting undetected chromedriver...
2025-07-10 14:02:04,655 - INFO - patching driver executable /Users/dylanpossamai/Library/Application Support/undetected_chromedriver/undetected_chromedriver
2025-07-10 14:02:14,146 - WARNING - Undetected chromedriver failed: Message: Service /Users/dylanpossamai/Library/Application Support/undetected_chromedriver/undetected_chromedriver unexpectedly exited. Status code was: -9

2025-07-10 14:02:14,147 - ERROR - ❌ Complete extraction failed: Driver creation failed
2025-07-10 14:18:20,009 - INFO - 🚀 Starting complete stable MF extraction with PDFs
2025-07-10 14:18:20,010 - INFO - 🚀 Creating Chrome driver with fallback approaches
2025-07-10 14:18:20,010 - INFO -    Attempting undetected chromedriver...
2025-07-10 14:18:21,567 - INFO - patching driver executable /Users/dylanpossamai/Library/Application Support/undetected_chromedriver/undetected_chromedriver
2025-07-10 14:18:33,201 - INFO - ✅ Undetected Chrome driver created successfully
2025-07-10 14:18:33,202 - INFO - 🔐 Logging into MF (exact working system approach)
2025-07-10 14:18:33,202 - INFO - Navigating to MF dashboard: https://mc.manuscriptcentral.com/mafi
2025-07-10 14:18:39,091 - INFO - Accepted cookies.
2025-07-10 14:18:45,964 - INFO - Verification prompt visible. Fetching code from email...
2025-07-10 14:18:46,123 - INFO - Waiting 5 seconds for verification email to arrive...
2025-07-10 14:18:51,132 - INFO - file_cache is only supported with oauth2client<4.0.0
2025-07-10 14:18:51,133 - INFO - Waiting 5 seconds for verification email to arrive...
2025-07-10 14:18:56,922 - INFO - Found newer verification code for MF: 203825 (timestamp: Thu, 10 Jul 2025 12:18:41 +0000)
2025-07-10 14:18:59,756 - INFO - Returning latest verification code for MF: 203825
2025-07-10 14:18:59,834 - INFO - Submitted verification code.
2025-07-10 14:19:02,839 - INFO - Ready to continue navigation after login.
2025-07-10 14:19:07,102 - INFO - ✅ Navigated to Associate Editor Center
2025-07-10 14:19:11,659 - INFO - ✅ Navigated to Awaiting Reviewer Scores
2025-07-10 14:19:11,662 - INFO - 
============================================================
2025-07-10 14:19:11,662 - INFO - 📄 Processing: MAFI-2024-0167
2025-07-10 14:19:11,662 - INFO - Expected: Competitive optimal portfolio selection in a non-M...
2025-07-10 14:19:11,662 - INFO - ============================================================
2025-07-10 14:19:12,130 - INFO - ✅ Found MAFI-2024-0167 in row 26
2025-07-10 14:19:21,734 - INFO - 📊 Extracting complete data for MAFI-2024-0167...
2025-07-10 14:19:24,878 - ERROR - ❌ Complete extraction failed for MAFI-2024-0167: name 'reviewer_list_header' is not defined
2025-07-10 14:19:31,626 - INFO - 
============================================================
2025-07-10 14:19:31,626 - INFO - 📄 Processing: MAFI-2025-0166
2025-07-10 14:19:31,627 - INFO - Expected: Optimal investment and consumption under forward u...
2025-07-10 14:19:31,627 - INFO - ============================================================
2025-07-10 14:19:32,151 - INFO - ✅ Found MAFI-2025-0166 in row 22
2025-07-10 14:19:35,797 - INFO - 📊 Extracting complete data for MAFI-2025-0166...
2025-07-10 14:19:38,951 - ERROR - ❌ Complete extraction failed for MAFI-2025-0166: name 'reviewer_list_header' is not defined
2025-07-10 14:19:46,089 - INFO - 📄 Complete report saved: complete_results/mf_complete_stable_report.txt
2025-07-10 14:19:46,089 - INFO - 🎉 Complete stable MF extraction finished!
2025-07-10 14:19:46,089 - INFO -    Results: complete_results/mf_complete_stable_results.json
2025-07-10 14:19:46,296 - INFO - 🔄 Driver closed
2025-07-10 14:20:11,213 - INFO - 🚀 Starting complete stable MF extraction with PDFs
2025-07-10 14:20:11,213 - INFO - 🚀 Creating Chrome driver with fallback approaches
2025-07-10 14:20:11,213 - INFO -    Attempting undetected chromedriver...
2025-07-10 14:20:19,759 - INFO - patching driver executable /Users/dylanpossamai/Library/Application Support/undetected_chromedriver/undetected_chromedriver
2025-07-10 14:20:30,891 - INFO - ✅ Undetected Chrome driver created successfully
2025-07-10 14:20:30,892 - INFO - 🔐 Logging into MF (exact working system approach)
2025-07-10 14:20:30,892 - INFO - Navigating to MF dashboard: https://mc.manuscriptcentral.com/mafi
2025-07-10 14:20:37,164 - INFO - Accepted cookies.
2025-07-10 14:20:44,004 - INFO - Verification prompt visible. Fetching code from email...
2025-07-10 14:20:44,157 - INFO - Waiting 5 seconds for verification email to arrive...
2025-07-10 14:20:49,165 - INFO - file_cache is only supported with oauth2client<4.0.0
2025-07-10 14:20:49,167 - INFO - Waiting 5 seconds for verification email to arrive...
2025-07-10 14:20:55,068 - INFO - Found newer verification code for MF: 024040 (timestamp: Thu, 10 Jul 2025 12:20:39 +0000)
2025-07-10 14:20:57,782 - INFO - Returning latest verification code for MF: 024040
2025-07-10 14:20:57,858 - INFO - Submitted verification code.
2025-07-10 14:21:00,864 - INFO - Ready to continue navigation after login.
2025-07-10 14:21:05,021 - INFO - ✅ Navigated to Associate Editor Center
2025-07-10 14:21:10,367 - INFO - ✅ Navigated to Awaiting Reviewer Scores
2025-07-10 14:21:10,367 - INFO - 
============================================================
2025-07-10 14:21:10,367 - INFO - 📄 Processing: MAFI-2024-0167
2025-07-10 14:21:10,367 - INFO - Expected: Competitive optimal portfolio selection in a non-M...
2025-07-10 14:21:10,367 - INFO - ============================================================
2025-07-10 14:21:10,840 - INFO - ✅ Found MAFI-2024-0167 in row 26
2025-07-10 14:21:14,399 - INFO - 📊 Extracting complete data for MAFI-2024-0167...
2025-07-10 14:21:17,564 - INFO - ✅ Found Reviewer List section
2025-07-10 14:21:17,565 - INFO - Found 18 rows in reviewer table
2025-07-10 14:21:17,566 - INFO -    ✅ Mastrolia, Thibaut (Agreed)
2025-07-10 14:21:17,567 - INFO -    ✅ Hamadene, Said (Agreed)
2025-07-10 14:21:17,567 - INFO - 📥 Looking for PDFs for manuscript: MAFI-2024-0167
2025-07-10 14:21:18,214 - INFO - Found 4 potential download links
2025-07-10 14:21:18,214 - INFO -    Link 1: '' -> https://clarivate.com/webofsciencegroup/solutions/scholarone/
2025-07-10 14:21:18,221 - INFO -    Downloading from: https://clarivate.com/webofsciencegroup/solutions/scholarone/
2025-07-10 14:21:19,111 - WARNING -    ⚠️  URL doesn't return PDF content: text/html; charset=utf-8
2025-07-10 14:21:19,111 - INFO -    Link 2: '' -> https://mc.manuscriptcentral.com/mafi#
2025-07-10 14:21:19,116 - INFO -    Downloading from: https://mc.manuscriptcentral.com/mafi#
2025-07-10 14:21:19,632 - WARNING -    ⚠️  URL doesn't return PDF content: text/html;charset=utf-8
2025-07-10 14:21:19,632 - INFO -    Link 3: '' -> https://support.silverchair.com/scholarone-manuscripts/
2025-07-10 14:21:19,651 - INFO -    Downloading from: https://support.silverchair.com/scholarone-manuscripts/
2025-07-10 14:21:19,903 - WARNING -    ⚠️  URL doesn't return PDF content: text/html; charset=utf-8
2025-07-10 14:21:19,903 - INFO -    Link 4: 'Accessibility' -> https://clarivate.com/webofsciencegroup/support/scholarone-manuscripts/accessibility/
2025-07-10 14:21:19,908 - INFO -    Downloading from: https://clarivate.com/webofsciencegroup/support/scholarone-manuscripts/accessibility/
2025-07-10 14:21:21,806 - WARNING -    ⚠️  URL doesn't return PDF content: text/html; charset=utf-8
2025-07-10 14:21:21,808 - INFO - 📄 PDF metadata saved: complete_results/pdfs/MAFI-2024-0167_pdf_metadata.json
2025-07-10 14:21:21,808 - INFO - ✅ Successfully extracted complete data for MAFI-2024-0167
2025-07-10 14:21:21,808 - INFO -    Referees: 2
2025-07-10 14:21:21,808 - INFO -    PDFs: Manuscript=False, Reports=0
2025-07-10 14:21:23,956 - ERROR - ❌ Complete extraction failed: Message: no such element: Unable to locate element: {"method":"link text","selector":"Awaiting Reviewer Scores"}
  (Session info: chrome=138.0.7204.100); For documentation on this error, please visit: https://www.selenium.dev/documentation/webdriver/troubleshooting/errors#no-such-element-exception
Stacktrace:
0   undetected_chromedriver             0x0000000100a8e308 undetected_chromedriver + 6148872
1   undetected_chromedriver             0x0000000100a858ba undetected_chromedriver + 6113466
2   undetected_chromedriver             0x0000000100516e10 undetected_chromedriver + 417296
3   undetected_chromedriver             0x0000000100568c94 undetected_chromedriver + 752788
4   undetected_chromedriver             0x0000000100568eb1 undetected_chromedriver + 753329
5   undetected_chromedriver             0x00000001005b8dd4 undetected_chromedriver + 1080788
6   undetected_chromedriver             0x000000010058eced undetected_chromedriver + 908525
7   undetected_chromedriver             0x00000001005b618c undetected_chromedriver + 1069452
8   undetected_chromedriver             0x000000010058ea93 undetected_chromedriver + 907923
9   undetected_chromedriver             0x000000010055b0f7 undetected_chromedriver + 696567
10  undetected_chromedriver             0x000000010055bd61 undetected_chromedriver + 699745
11  undetected_chromedriver             0x0000000100a4b250 undetected_chromedriver + 5874256
12  undetected_chromedriver             0x0000000100a4f289 undetected_chromedriver + 5890697
13  undetected_chromedriver             0x0000000100a27022 undetected_chromedriver + 5726242
14  undetected_chromedriver             0x0000000100a4fbff undetected_chromedriver + 5893119
15  undetected_chromedriver             0x0000000100a15d14 undetected_chromedriver + 5655828
16  undetected_chromedriver             0x0000000100a72de8 undetected_chromedriver + 6036968
17  undetected_chromedriver             0x0000000100a72fb0 undetected_chromedriver + 6037424
18  undetected_chromedriver             0x0000000100a85451 undetected_chromedriver + 6112337
19  libsystem_pthread.dylib             0x00007ff8073f2df1 _pthread_start + 99
20  libsystem_pthread.dylib             0x00007ff8073ee857 thread_start + 15

2025-07-10 14:21:24,009 - INFO - 🔄 Driver closed
2025-07-10 14:31:30,589 - INFO - 🚀 Starting complete stable MF extraction with PDFs
2025-07-10 14:31:30,590 - INFO - 🚀 Creating Chrome driver with fallback approaches
2025-07-10 14:31:30,590 - INFO -    Attempting undetected chromedriver...
2025-07-10 14:31:33,456 - INFO - patching driver executable /Users/dylanpossamai/Library/Application Support/undetected_chromedriver/undetected_chromedriver
2025-07-10 14:31:44,582 - INFO - ✅ Undetected Chrome driver created successfully
2025-07-10 14:31:44,583 - INFO - 🔐 Logging into MF (exact working system approach)
2025-07-10 14:31:44,583 - INFO - Navigating to MF dashboard: https://mc.manuscriptcentral.com/mafi
2025-07-10 14:31:49,915 - INFO - Accepted cookies.
2025-07-10 14:31:56,712 - INFO - Verification prompt visible. Fetching code from email...
2025-07-10 14:31:56,882 - INFO - Waiting 5 seconds for verification email to arrive...
2025-07-10 14:32:01,889 - INFO - file_cache is only supported with oauth2client<4.0.0
2025-07-10 14:32:01,891 - INFO - Waiting 5 seconds for verification email to arrive...
2025-07-10 14:32:07,668 - INFO - Found newer verification code for MF: 602337 (timestamp: Thu, 10 Jul 2025 12:31:51 +0000)
2025-07-10 14:32:10,205 - INFO - Returning latest verification code for MF: 602337
2025-07-10 14:32:10,352 - INFO - Submitted verification code.
2025-07-10 14:32:13,358 - INFO - Ready to continue navigation after login.
2025-07-10 14:32:17,107 - INFO - ✅ Navigated to Associate Editor Center
2025-07-10 14:32:22,301 - INFO - ✅ Navigated to Awaiting Reviewer Scores
2025-07-10 14:32:22,304 - INFO - 
============================================================
2025-07-10 14:32:22,304 - INFO - 📄 Processing: MAFI-2024-0167
2025-07-10 14:32:22,305 - INFO - Expected: Competitive optimal portfolio selection in a non-M...
2025-07-10 14:32:22,305 - INFO - ============================================================
2025-07-10 14:32:22,689 - INFO - ✅ Found MAFI-2024-0167 in row 26
2025-07-10 14:32:28,644 - INFO - 📊 Extracting complete data for MAFI-2024-0167...
2025-07-10 14:32:31,800 - INFO - ✅ Found Reviewer List section
2025-07-10 14:32:31,801 - INFO - Found 18 rows in reviewer table
2025-07-10 14:32:31,803 - INFO -    ✅ Mastrolia, Thibaut (Agreed)
2025-07-10 14:32:31,804 - INFO -    ✅ Hamadene, Said (Agreed)
2025-07-10 14:32:31,804 - INFO - 📥 Looking for PDFs for manuscript: MAFI-2024-0167
2025-07-10 14:32:31,804 - INFO - 🔍 Looking for 'view submission' link for MAFI-2024-0167
2025-07-10 14:32:31,873 - WARNING - ❌ No 'view submission' link found
2025-07-10 14:32:31,873 - INFO - 🔍 Looking for referee 'view review' links for MAFI-2024-0167
2025-07-10 14:32:31,882 - INFO - Found 0 'view review' links
2025-07-10 14:32:31,884 - INFO - ✅ Found 0 PDF reports + 0 text reviews
2025-07-10 14:32:31,884 - INFO - 📄 PDF metadata saved: complete_results/pdfs/MAFI-2024-0167_pdf_metadata.json
2025-07-10 14:32:31,884 - INFO - ✅ Successfully extracted complete data for MAFI-2024-0167
2025-07-10 14:32:31,884 - INFO -    Referees: 2
2025-07-10 14:32:31,884 - INFO -    PDFs: Manuscript=False, Reports=0
2025-07-10 14:32:38,142 - INFO - 
============================================================
2025-07-10 14:32:38,142 - INFO - 📄 Processing: MAFI-2025-0166
2025-07-10 14:32:38,142 - INFO - Expected: Optimal investment and consumption under forward u...
2025-07-10 14:32:38,142 - INFO - ============================================================
2025-07-10 14:32:38,529 - INFO - ✅ Found MAFI-2025-0166 in row 22
2025-07-10 14:32:42,171 - INFO - 📊 Extracting complete data for MAFI-2025-0166...
2025-07-10 14:32:45,313 - INFO - ✅ Found Reviewer List section
2025-07-10 14:32:45,313 - INFO - Found 28 rows in reviewer table
2025-07-10 14:32:45,314 - INFO -    ✅ Liang, Gechun (Agreed)
2025-07-10 14:32:45,315 - INFO -    ✅ Strub, Moris (Agreed)
2025-07-10 14:32:45,315 - INFO - 📥 Looking for PDFs for manuscript: MAFI-2025-0166
2025-07-10 14:32:45,315 - INFO - 🔍 Looking for 'view submission' link for MAFI-2025-0166
2025-07-10 14:32:45,349 - WARNING - ❌ No 'view submission' link found
2025-07-10 14:32:45,350 - INFO - 🔍 Looking for referee 'view review' links for MAFI-2025-0166
2025-07-10 14:32:45,356 - INFO - Found 0 'view review' links
2025-07-10 14:32:45,357 - INFO - ✅ Found 0 PDF reports + 0 text reviews
2025-07-10 14:32:45,357 - INFO - 📄 PDF metadata saved: complete_results/pdfs/MAFI-2025-0166_pdf_metadata.json
2025-07-10 14:32:45,357 - INFO - ✅ Successfully extracted complete data for MAFI-2025-0166
2025-07-10 14:32:45,358 - INFO -    Referees: 2
2025-07-10 14:32:45,358 - INFO -    PDFs: Manuscript=False, Reports=0
2025-07-10 14:32:51,903 - INFO - 📄 Complete report saved: complete_results/mf_complete_stable_report.txt
2025-07-10 14:32:51,903 - INFO - 🎉 Complete stable MF extraction finished!
2025-07-10 14:32:51,904 - INFO -    Results: complete_results/mf_complete_stable_results.json
2025-07-10 14:32:52,090 - INFO - 🔄 Driver closed
2025-07-10 14:38:41,216 - INFO - 🚀 Starting complete stable MF extraction with PDFs
2025-07-10 14:38:41,218 - INFO - 🚀 Creating Chrome driver with fallback approaches
2025-07-10 14:38:41,218 - INFO -    Attempting undetected chromedriver...
2025-07-10 14:38:43,631 - INFO - patching driver executable /Users/dylanpossamai/Library/Application Support/undetected_chromedriver/undetected_chromedriver
2025-07-10 14:38:52,678 - INFO - ✅ Undetected Chrome driver created successfully
2025-07-10 14:38:52,678 - INFO - 🔐 Logging into MF (exact working system approach)
2025-07-10 14:38:52,678 - INFO - Navigating to MF dashboard: https://mc.manuscriptcentral.com/mafi
2025-07-10 14:39:00,034 - INFO - Accepted cookies.
2025-07-10 14:39:06,877 - INFO - Verification prompt visible. Fetching code from email...
2025-07-10 14:39:07,013 - INFO - Waiting 5 seconds for verification email to arrive...
2025-07-10 14:39:12,020 - INFO - file_cache is only supported with oauth2client<4.0.0
2025-07-10 14:39:12,022 - INFO - Waiting 5 seconds for verification email to arrive...
2025-07-10 14:39:17,956 - INFO - Found newer verification code for MF: 797459 (timestamp: Thu, 10 Jul 2025 12:39:02 +0000)
2025-07-10 14:39:20,604 - INFO - Returning latest verification code for MF: 797459
2025-07-10 14:39:20,679 - INFO - Submitted verification code.
2025-07-10 14:39:23,681 - INFO - Ready to continue navigation after login.
2025-07-10 14:39:27,359 - INFO - ✅ Navigated to Associate Editor Center
2025-07-10 14:39:32,060 - INFO - ✅ Navigated to Awaiting Reviewer Scores
2025-07-10 14:39:32,061 - INFO - 
============================================================
2025-07-10 14:39:32,061 - INFO - 📄 Processing: MAFI-2024-0167
2025-07-10 14:39:32,061 - INFO - Expected: Competitive optimal portfolio selection in a non-M...
2025-07-10 14:39:32,061 - INFO - ============================================================
2025-07-10 14:39:32,409 - INFO - ✅ Found MAFI-2024-0167 in row 26
2025-07-10 14:39:35,995 - INFO - 📊 Extracting complete data for MAFI-2024-0167...
2025-07-10 14:39:39,158 - INFO - ✅ Found Reviewer List section
2025-07-10 14:39:39,159 - INFO - Found 18 rows in reviewer table
2025-07-10 14:39:39,160 - INFO -    ✅ Mastrolia, Thibaut (Agreed)
2025-07-10 14:39:39,161 - INFO -    ✅ Hamadene, Said (Agreed)
2025-07-10 14:39:39,161 - INFO - 📥 Looking for PDFs for manuscript: MAFI-2024-0167
2025-07-10 14:39:39,161 - INFO - 🔍 Looking for manuscript PDF tabs for MAFI-2024-0167
2025-07-10 14:39:39,190 - INFO - 🔍 Trying PDF tab: 'PDF'
2025-07-10 14:39:41,348 - INFO - ✅ Opened PDF tab in new window
2025-07-10 14:39:41,365 - INFO - 📄 PDF window URL: https://mc.manuscriptcentral.com/mafi?DOWNLOAD=TRUE&PARAMS=xik_ECaBnfhQZu4oSRGGbJd4BibKGeANeJm3XKAcCtb4tfiM9B6Frpo6hPuJuGRWcSKGcsdP17NrbRjmkp1uqRSDbUsLrBk9m5Mgpktaua3dxiMFjuJsvnUQtkH4tm57fEtk4CkeaWEZHqgVKYJN4BWbzxVZCzL7HUM8Z15xkfWvmdxfu9qwHb288eYVcFXDGLNvGjDdg
2025-07-10 14:39:41,443 - INFO - 🔍 Trying Original Files tab: 'Original Files'
2025-07-10 14:39:43,564 - INFO - ✅ Opened Original Files tab in new window
2025-07-10 14:39:43,583 - INFO - 📄 Original Files window URL: https://mc.manuscriptcentral.com/mafi?PARAMS=xik_5WHRgH8rppWnyxUaBCTFYfwXgonmtuTevhpN4UeStx7mQA8s8W7ksTTTNfCx31Cfai5tSsPvihdJWUyzzskXk3JQTXjkE4dPYxVNuMf8in31iWtFDFWDaX2J24KQ8KRk239Axm2JgGz1DTivjiGzz4qLKxscJmY9WmWCULGWz8fDWT661LG9PcRcypCFteBxih8jrWcq1yBQkHGYWhK4JfxVUoVCxR2zghmPLDK94dNP1WRD2FzQXqpx4kKKic3WNHAcwipMnCWHdYTNmrktK7HCJYZK4LcbUDRnfmvX4m261ZAZXv2GUddN5Dpen6rLyCC4y9URRcwGHpncoX5AZzt5u893DP
2025-07-10 14:39:43,687 - INFO - 🔍 Trying HTML tab: 'HTML'
2025-07-10 14:39:45,824 - INFO - ✅ Opened HTML tab in new window
2025-07-10 14:39:46,111 - INFO - 📄 HTML window URL: https://mc.manuscriptcentral.com/mafi?DOWNLOAD=TRUE&PARAMS=xik_8sNkrinDsApg7jf35CmkexBaPrjwRdSX9q9ymPu6RTPB64sDYRy7pmrEcuL5DA73Uhb1C2wwAvcPF1aL8JnpWn3qLjauEfjyY47yPwtQ1xgBiievGzodXhcZMN9iqyWBgxPHj6os6tiwMK8SaQqm1DBPUx7ggZQxQR4yeGXKy1wHzH2trgrzFq6oc3bkBB4xSLB8Q
2025-07-10 14:39:46,174 - WARNING - ❌ No manuscript PDF found in any tab
2025-07-10 14:39:46,175 - INFO - 🔍 Looking for referee 'view review' links for MAFI-2024-0167
2025-07-10 14:39:46,193 - INFO - Found 0 'view review' links
2025-07-10 14:39:46,199 - INFO - ✅ Found 0 PDF reports + 0 text reviews
2025-07-10 14:39:46,203 - INFO - 📄 PDF metadata saved: complete_results/pdfs/MAFI-2024-0167_pdf_metadata.json
2025-07-10 14:39:46,203 - INFO - ✅ Successfully extracted complete data for MAFI-2024-0167
2025-07-10 14:39:46,203 - INFO -    Referees: 2
2025-07-10 14:39:46,203 - INFO -    PDFs: Manuscript=False, Reports=0
2025-07-10 14:39:52,630 - INFO - 
============================================================
2025-07-10 14:39:52,631 - INFO - 📄 Processing: MAFI-2025-0166
2025-07-10 14:39:52,631 - INFO - Expected: Optimal investment and consumption under forward u...
2025-07-10 14:39:52,631 - INFO - ============================================================
2025-07-10 14:39:52,915 - INFO - ✅ Found MAFI-2025-0166 in row 22
2025-07-10 14:39:56,470 - INFO - 📊 Extracting complete data for MAFI-2025-0166...
2025-07-10 14:39:59,582 - INFO - ✅ Found Reviewer List section
2025-07-10 14:39:59,582 - INFO - Found 28 rows in reviewer table
2025-07-10 14:39:59,582 - INFO -    ✅ Liang, Gechun (Agreed)
2025-07-10 14:39:59,583 - INFO -    ✅ Strub, Moris (Agreed)
2025-07-10 14:39:59,583 - INFO - 📥 Looking for PDFs for manuscript: MAFI-2025-0166
2025-07-10 14:39:59,583 - INFO - 🔍 Looking for manuscript PDF tabs for MAFI-2025-0166
2025-07-10 14:39:59,599 - INFO - 🔍 Trying PDF tab: 'PDF'
2025-07-10 14:40:01,750 - INFO - ✅ Opened PDF tab in new window
2025-07-10 14:40:01,763 - INFO - 📄 PDF window URL: https://mc.manuscriptcentral.com/mafi?DOWNLOAD=TRUE&PARAMS=xik_CbtB7jye3Jt2zdAtsDbxxTWC6nECScDhZsoSEvfqHneG1hY25V6MXG8miRKm9SzdiLjugMzRzY4NQ4MPoWCJQ6ncrWruwr9WDp9xLUfBq4JbHQ6wRvQHkToz9nWzYLf48KEYcFXMkExh3hBKnXR95V7wP1PdFC8sDckiG1h1F3tEZGadmENiHJSPuqr8kTAPnNQ6a
2025-07-10 14:40:01,841 - INFO - 🔍 Trying Original Files tab: 'Original Files'
2025-07-10 14:40:03,901 - INFO - ✅ Opened Original Files tab in new window
2025-07-10 14:40:05,148 - INFO - 📄 Original Files window URL: https://mc.manuscriptcentral.com/mafi?PARAMS=xik_5XMRoL4BjaY3cMwSM2RP4wk5ihay53cMULJEvDJu6LJrzRbfyeGi5mLQL2tZsoUrenNhBsk76AWNNSk1q123qwZXumiYzvAJsZsp7JC3tKsmh5tD7JhwRhmjxfMGasmXxATDvfzs7mBhUzy1bmTEFT6D1GNuYopFbJfMRZrUWtcYsaaZ8h6PrBwiobqwoJnWF34H28xKkqB25bhL29yGZuXMabaAXnG55foZFvd8DNKptY6EW84D5FaB19MVgsbedS6KP9PHk862NU3gYknxuft2XmiZeh3uaYKBgZwNLRCDZjqGjRn4auFPHSAZFaAFKEUHGQKTEFcj3GXEamTA9mAAUq84RW
2025-07-10 14:40:05,271 - INFO - 🔍 Trying HTML tab: 'HTML'
2025-07-10 14:40:07,406 - INFO - ✅ Opened HTML tab in new window
2025-07-10 14:40:07,423 - INFO - 📄 HTML window URL: https://mc.manuscriptcentral.com/mafi?DOWNLOAD=TRUE&PARAMS=xik_DFE4dzL7u9mFtRkMeQVYA9wFXXg5yoreL8LYt1zQ8gc5S3MnVWcXVzzrNDNWk2M7J4R7s7KKwrwUJ8KrTFk2GmzUToGvij8BhnXGhX9LWS8uR89vjCZPn8c3xnvUitM6Q8sq1jZBxqV8CQVzTJUpS4Yy5ZEcA5nPZHcVRiZQijxQka7EBKsvPGn3bYWhXNZcwwyfv
2025-07-10 14:40:07,459 - WARNING - ❌ No manuscript PDF found in any tab
2025-07-10 14:40:07,460 - INFO - 🔍 Looking for referee 'view review' links for MAFI-2025-0166
2025-07-10 14:40:07,495 - INFO - Found 0 'view review' links
2025-07-10 14:40:07,497 - INFO - ✅ Found 0 PDF reports + 0 text reviews
2025-07-10 14:40:07,498 - INFO - 📄 PDF metadata saved: complete_results/pdfs/MAFI-2025-0166_pdf_metadata.json
2025-07-10 14:40:07,498 - INFO - ✅ Successfully extracted complete data for MAFI-2025-0166
2025-07-10 14:40:07,498 - INFO -    Referees: 2
2025-07-10 14:40:07,498 - INFO -    PDFs: Manuscript=False, Reports=0
2025-07-10 14:40:13,936 - INFO - 📄 Complete report saved: complete_results/mf_complete_stable_report.txt
2025-07-10 14:40:13,936 - INFO - 🎉 Complete stable MF extraction finished!
2025-07-10 14:40:13,936 - INFO -    Results: complete_results/mf_complete_stable_results.json
2025-07-10 14:40:13,992 - INFO - 🔄 Driver closed
2025-07-10 14:41:22,795 - INFO - 🚀 Starting complete stable MF extraction with PDFs
2025-07-10 14:41:22,795 - INFO - 🚀 Creating Chrome driver with fallback approaches
2025-07-10 14:41:22,795 - INFO -    Attempting undetected chromedriver...
2025-07-10 14:41:25,657 - INFO - patching driver executable /Users/dylanpossamai/Library/Application Support/undetected_chromedriver/undetected_chromedriver
2025-07-10 14:41:33,187 - INFO - ✅ Undetected Chrome driver created successfully
2025-07-10 14:41:33,188 - INFO - 🔐 Logging into MF (exact working system approach)
2025-07-10 14:41:33,188 - INFO - Navigating to MF dashboard: https://mc.manuscriptcentral.com/mafi
2025-07-10 14:41:37,651 - INFO - Accepted cookies.
2025-07-10 14:41:44,371 - INFO - Verification prompt visible. Fetching code from email...
2025-07-10 14:41:44,519 - INFO - Waiting 5 seconds for verification email to arrive...
2025-07-10 14:41:49,527 - INFO - file_cache is only supported with oauth2client<4.0.0
2025-07-10 14:41:49,528 - INFO - Waiting 5 seconds for verification email to arrive...
2025-07-10 14:41:55,376 - INFO - Found newer verification code for MF: 011403 (timestamp: Thu, 10 Jul 2025 12:41:39 +0000)
2025-07-10 14:41:57,977 - INFO - Returning latest verification code for MF: 011403
2025-07-10 14:41:58,045 - INFO - Submitted verification code.
2025-07-10 14:42:01,046 - INFO - Ready to continue navigation after login.
2025-07-10 14:42:04,974 - INFO - ✅ Navigated to Associate Editor Center
2025-07-10 14:42:09,450 - INFO - ✅ Navigated to Awaiting Reviewer Scores
2025-07-10 14:42:09,451 - INFO - 
============================================================
2025-07-10 14:42:09,451 - INFO - 📄 Processing: MAFI-2024-0167
2025-07-10 14:42:09,451 - INFO - Expected: Competitive optimal portfolio selection in a non-M...
2025-07-10 14:42:09,451 - INFO - ============================================================
2025-07-10 14:42:09,781 - INFO - ✅ Found MAFI-2024-0167 in row 26
2025-07-10 14:42:13,344 - INFO - 📊 Extracting complete data for MAFI-2024-0167...
2025-07-10 14:42:16,446 - INFO - ✅ Found Reviewer List section
2025-07-10 14:42:16,446 - INFO - Found 18 rows in reviewer table
2025-07-10 14:42:16,448 - INFO -    ✅ Mastrolia, Thibaut (Agreed)
2025-07-10 14:42:16,448 - INFO -    ✅ Hamadene, Said (Agreed)
2025-07-10 14:42:16,448 - INFO - 📥 Looking for PDFs for manuscript: MAFI-2024-0167
2025-07-10 14:42:16,448 - INFO - 🔍 Looking for manuscript PDF tabs for MAFI-2024-0167
2025-07-10 14:42:16,471 - INFO - 🔍 Trying PDF tab: 'PDF'
2025-07-10 14:42:18,608 - INFO - ✅ Opened PDF tab in new window
2025-07-10 14:42:18,631 - INFO - 📄 PDF window URL: https://mc.manuscriptcentral.com/mafi?DOWNLOAD=TRUE&PARAMS=xik_9EnQLtP54d8k8hM77Bk62ViZtYr9WqzUSfdELktU9cnn9ruv1Qd4XXNwMGbmEnYhsckCsA4oXB2jxsQc2hq4bwLtqkBAgnHjqRCiXfnEUJqVRoKKngmj2VWRXNvoauBTZsBjExVfbtjAoxCnWVnQ5mY7539YQzUjaUDKJXvgXJic2purGThzFYsTqYzw3bSJpAmNV
2025-07-10 14:42:18,636 - INFO -    Downloading from: https://mc.manuscriptcentral.com/mafi?DOWNLOAD=TRUE&PARAMS=xik_9EnQLtP54d8k8hM77Bk62ViZtYr9WqzUSfdELktU9cnn9ruv1Qd4XXNwMGbmEnYhsckCsA4oXB2jxsQc2hq4bwLtqkBAgnHjqRCiXfnEUJqVRoKKngmj2VWRXNvoauBTZsBjExVfbtjAoxCnWVnQ5mY7539YQzUjaUDKJXvgXJic2purGThzFYsTqYzw3bSJpAmNV
2025-07-10 14:42:19,831 - INFO -    ✅ PDF downloaded: MAFI-2024-0167_manuscript.pdf (610548 bytes)
2025-07-10 14:42:19,871 - INFO - ✅ Manuscript PDF: complete_results/pdfs/MAFI-2024-0167_manuscript.pdf
2025-07-10 14:42:19,871 - INFO - 🔍 Looking for referee 'view review' links for MAFI-2024-0167
2025-07-10 14:42:19,902 - INFO - Found 0 'view review' links
2025-07-10 14:42:19,903 - INFO - ✅ Found 0 PDF reports + 0 text reviews
2025-07-10 14:42:19,904 - INFO - 📄 PDF metadata saved: complete_results/pdfs/MAFI-2024-0167_pdf_metadata.json
2025-07-10 14:42:19,904 - INFO - ✅ Successfully extracted complete data for MAFI-2024-0167
2025-07-10 14:42:19,904 - INFO -    Referees: 2
2025-07-10 14:42:19,904 - INFO -    PDFs: Manuscript=True, Reports=0
2025-07-10 14:42:26,308 - INFO - 
============================================================
2025-07-10 14:42:26,308 - INFO - 📄 Processing: MAFI-2025-0166
2025-07-10 14:42:26,308 - INFO - Expected: Optimal investment and consumption under forward u...
2025-07-10 14:42:26,308 - INFO - ============================================================
2025-07-10 14:42:26,601 - INFO - ✅ Found MAFI-2025-0166 in row 22
2025-07-10 14:42:33,801 - INFO - 📊 Extracting complete data for MAFI-2025-0166...
2025-07-10 14:42:36,907 - INFO - ✅ Found Reviewer List section
2025-07-10 14:42:36,907 - INFO - Found 28 rows in reviewer table
2025-07-10 14:42:36,907 - INFO -    ✅ Liang, Gechun (Agreed)
2025-07-10 14:42:36,908 - INFO -    ✅ Strub, Moris (Agreed)
2025-07-10 14:42:36,908 - INFO - 📥 Looking for PDFs for manuscript: MAFI-2025-0166
2025-07-10 14:42:36,908 - INFO - 🔍 Looking for manuscript PDF tabs for MAFI-2025-0166
2025-07-10 14:42:36,931 - INFO - 🔍 Trying PDF tab: 'PDF'
2025-07-10 14:42:39,093 - INFO - ✅ Opened PDF tab in new window
2025-07-10 14:42:39,116 - INFO - 📄 PDF window URL: https://mc.manuscriptcentral.com/mafi?DOWNLOAD=TRUE&PARAMS=xik_7vgtTaK4WGoGRqxfRP2zQMCwoUbTULKRFA2xE7LnceAG5vBpqkQrddhwegiCNmDMb3C7dpWNDwsVNZVYh7Dp6kMPrP7SrqJPhc9eEBCQYjCDvjVYqi6FFuUES6DhujmJ6TZEgzNMZhTuk21eMQ3vsmLbNkivdgVEdu8DHkgjvUG2CMsLbQ8rUJ53E66URXN4HWhnr
2025-07-10 14:42:39,121 - INFO -    Downloading from: https://mc.manuscriptcentral.com/mafi?DOWNLOAD=TRUE&PARAMS=xik_7vgtTaK4WGoGRqxfRP2zQMCwoUbTULKRFA2xE7LnceAG5vBpqkQrddhwegiCNmDMb3C7dpWNDwsVNZVYh7Dp6kMPrP7SrqJPhc9eEBCQYjCDvjVYqi6FFuUES6DhujmJ6TZEgzNMZhTuk21eMQ3vsmLbNkivdgVEdu8DHkgjvUG2CMsLbQ8rUJ53E66URXN4HWhnr
2025-07-10 14:42:41,191 - INFO -    ✅ PDF downloaded: MAFI-2025-0166_manuscript.pdf (1766279 bytes)
2025-07-10 14:42:41,251 - INFO - ✅ Manuscript PDF: complete_results/pdfs/MAFI-2025-0166_manuscript.pdf
2025-07-10 14:42:41,251 - INFO - 🔍 Looking for referee 'view review' links for MAFI-2025-0166
2025-07-10 14:42:41,272 - INFO - Found 0 'view review' links
2025-07-10 14:42:41,273 - INFO - ✅ Found 0 PDF reports + 0 text reviews
2025-07-10 14:42:41,274 - INFO - 📄 PDF metadata saved: complete_results/pdfs/MAFI-2025-0166_pdf_metadata.json
2025-07-10 14:42:41,274 - INFO - ✅ Successfully extracted complete data for MAFI-2025-0166
2025-07-10 14:42:41,274 - INFO -    Referees: 2
2025-07-10 14:42:41,274 - INFO -    PDFs: Manuscript=True, Reports=0
2025-07-10 14:42:47,873 - INFO - 📄 Complete report saved: complete_results/mf_complete_stable_report.txt
2025-07-10 14:42:47,873 - INFO - 🎉 Complete stable MF extraction finished!
2025-07-10 14:42:47,873 - INFO -    Results: complete_results/mf_complete_stable_results.json
2025-07-10 14:42:48,073 - INFO - 🔄 Driver closed
2025-07-10 15:37:11,378 - INFO - 🚀 Starting complete stable MF extraction with PDFs
2025-07-10 15:37:11,379 - INFO - 🚀 Creating Chrome driver with fallback approaches
2025-07-10 15:37:11,379 - INFO -    Attempting undetected chromedriver...
2025-07-10 15:37:12,821 - INFO - patching driver executable /Users/dylanpossamai/Library/Application Support/undetected_chromedriver/undetected_chromedriver
2025-07-10 15:37:23,814 - WARNING - Undetected chromedriver failed: Message: Service /Users/dylanpossamai/Library/Application Support/undetected_chromedriver/undetected_chromedriver unexpectedly exited. Status code was: -9

2025-07-10 15:37:23,814 - ERROR - ❌ Complete extraction failed: Driver creation failed
