2025-07-10 20:46:38,658 - selenium.webdriver.common.selenium_manager - DEBUG - Selenium Manager binary found at: /Library/Frameworks/Python.framework/Versions/3.12/lib/python3.12/site-packages/selenium/webdriver/common/macos/selenium-manager
2025-07-10 20:46:38,658 - selenium.webdriver.common.selenium_manager - DEBUG - Executing process: /Library/Frameworks/Python.framework/Versions/3.12/lib/python3.12/site-packages/selenium/webdriver/common/macos/selenium-manager --browser chrome --debug --language-binding python --output json
2025-07-10 20:46:38,760 - selenium.webdriver.common.selenium_manager - DEBUG - Found chromedriver 138.0.7204.92 in PATH: /opt/homebrew/bin/chromedriver
2025-07-10 20:46:38,760 - selenium.webdriver.common.selenium_manager - DEBUG - chrome detected at /Applications/Google Chrome.app/Contents/MacOS/Google Chrome
2025-07-10 20:46:38,760 - selenium.webdriver.common.selenium_manager - DEBUG - Running command: /Applications/Google\ Chrome.app/Contents/MacOS/Google\ Chrome --version
2025-07-10 20:46:38,760 - selenium.webdriver.common.selenium_manager - DEBUG - Output: "Google Chrome 138.0.7204.100 "
2025-07-10 20:46:38,760 - selenium.webdriver.common.selenium_manager - DEBUG - Detected browser: chrome 138.0.7204.100
2025-07-10 20:46:38,760 - selenium.webdriver.common.selenium_manager - DEBUG - Required driver: chromedriver 138.0.7204.94
2025-07-10 20:46:38,760 - selenium.webdriver.common.selenium_manager - DEBUG - Driver path: /opt/homebrew/bin/chromedriver
2025-07-10 20:46:38,760 - selenium.webdriver.common.selenium_manager - DEBUG - Browser path: /Applications/Google Chrome.app/Contents/MacOS/Google Chrome
2025-07-10 20:46:38,762 - selenium.webdriver.common.service - DEBUG - Started executable: `/opt/homebrew/bin/chromedriver` in a child process with pid: 73067 using 0 to output -3
2025-07-10 20:46:38,841 - selenium.webdriver.remote.remote_connection - DEBUG - POST http://localhost:62288/session {'capabilities': {'firstMatch': [{}], 'alwaysMatch': {'browserName': 'chrome', 'pageLoadStrategy': <PageLoadStrategy.normal: 'normal'>, 'browserVersion': None, 'goog:chromeOptions': {'extensions': [], 'binary': '/Applications/Google Chrome.app/Contents/MacOS/Google Chrome', 'args': ['--headless', '--no-sandbox', '--disable-dev-shm-usage', '--user-agent=Mozilla/5.0 (Macintosh; Intel Mac OS X 10_15_7) AppleWebKit/537.36']}}}}
2025-07-10 20:46:38,841 - urllib3.connectionpool - DEBUG - Starting new HTTP connection (1): localhost:62288
2025-07-10 20:46:39,312 - urllib3.connectionpool - DEBUG - http://localhost:62288 "POST /session HTTP/1.1" 200 0
2025-07-10 20:46:39,312 - selenium.webdriver.remote.remote_connection - DEBUG - Remote response: status=200 | data={"value":{"capabilities":{"acceptInsecureCerts":false,"browserName":"chrome","browserVersion":"138.0.7204.100","chrome":{"chromedriverVersion":"138.0.7204.92 (f079b9bc781e3c2adb1496ea1d72812deb0ddb3d-refs/branch-heads/7204_50@{#8})","userDataDir":"/var/folders/k0/qb_t2c8s0ml8ndp82vnmq3p80000gn/T/.org.chromium.Chromium.1u1bOS"},"fedcm:accounts":true,"goog:chromeOptions":{"debuggerAddress":"localhost:62302"},"networkConnectionEnabled":false,"pageLoadStrategy":"normal","platformName":"mac","proxy":{},"setWindowRect":true,"strictFileInteractability":false,"timeouts":{"implicit":0,"pageLoad":300000,"script":30000},"unhandledPromptBehavior":"dismiss and notify","webauthn:extension:credBlob":true,"webauthn:extension:largeBlob":true,"webauthn:extension:minPinLength":true,"webauthn:extension:prf":true,"webauthn:virtualAuthenticators":true},"sessionId":"af7d3453dcc0c3e4e2c73ff979da12e2"}} | headers=HTTPHeaderDict({'Content-Length': '891', 'Content-Type': 'application/json; charset=utf-8', 'cache-control': 'no-cache'})
2025-07-10 20:46:39,312 - selenium.webdriver.remote.remote_connection - DEBUG - Finished Request
2025-07-10 20:46:39,312 - selenium.webdriver.remote.remote_connection - DEBUG - POST http://localhost:62288/session/af7d3453dcc0c3e4e2c73ff979da12e2/timeouts {'pageLoad': 30000}
2025-07-10 20:46:39,316 - urllib3.connectionpool - DEBUG - http://localhost:62288 "POST /session/af7d3453dcc0c3e4e2c73ff979da12e2/timeouts HTTP/1.1" 200 0
2025-07-10 20:46:39,317 - selenium.webdriver.remote.remote_connection - DEBUG - Remote response: status=200 | data={"value":null} | headers=HTTPHeaderDict({'Content-Length': '14', 'Content-Type': 'application/json; charset=utf-8', 'cache-control': 'no-cache'})
2025-07-10 20:46:39,317 - selenium.webdriver.remote.remote_connection - DEBUG - Finished Request
2025-07-10 20:46:39,317 - selenium.webdriver.remote.remote_connection - DEBUG - POST http://localhost:62288/session/af7d3453dcc0c3e4e2c73ff979da12e2/url {'url': 'http://sicon.siam.org'}
2025-07-10 20:46:41,419 - urllib3.connectionpool - DEBUG - http://localhost:62288 "POST /session/af7d3453dcc0c3e4e2c73ff979da12e2/url HTTP/1.1" 200 0
2025-07-10 20:46:41,424 - selenium.webdriver.remote.remote_connection - DEBUG - Remote response: status=200 | data={"value":null} | headers=HTTPHeaderDict({'Content-Length': '14', 'Content-Type': 'application/json; charset=utf-8', 'cache-control': 'no-cache'})
2025-07-10 20:46:41,430 - selenium.webdriver.remote.remote_connection - DEBUG - Finished Request
2025-07-10 20:46:44,432 - selenium.webdriver.remote.remote_connection - DEBUG - GET http://localhost:62288/session/af7d3453dcc0c3e4e2c73ff979da12e2/title {}
2025-07-10 20:46:44,435 - urllib3.connectionpool - DEBUG - http://localhost:62288 "GET /session/af7d3453dcc0c3e4e2c73ff979da12e2/title HTTP/1.1" 200 0
2025-07-10 20:46:44,435 - selenium.webdriver.remote.remote_connection - DEBUG - Remote response: status=200 | data={"value":"SIAM Journal on Control and Optimization"} | headers=HTTPHeaderDict({'Content-Length': '52', 'Content-Type': 'application/json; charset=utf-8', 'cache-control': 'no-cache'})
2025-07-10 20:46:44,436 - selenium.webdriver.remote.remote_connection - DEBUG - Finished Request
2025-07-10 20:46:44,436 - selenium.webdriver.remote.remote_connection - DEBUG - POST http://localhost:62288/session/af7d3453dcc0c3e4e2c73ff979da12e2/elements {'using': 'xpath', 'value': "//*[contains(@src, 'orcid') or contains(text(), 'ORCID')]"}
2025-07-10 20:46:44,440 - urllib3.connectionpool - DEBUG - http://localhost:62288 "POST /session/af7d3453dcc0c3e4e2c73ff979da12e2/elements HTTP/1.1" 200 0
2025-07-10 20:46:44,440 - selenium.webdriver.remote.remote_connection - DEBUG - Remote response: status=200 | data={"value":[{"element-6066-11e4-a52e-4f735466cecf":"f.5FB525146778747527AEEAB5A8639E4B.d.A947338A99ECC256DC6E39CE45F9D701.e.16"},{"element-6066-11e4-a52e-4f735466cecf":"f.5FB525146778747527AEEAB5A8639E4B.d.A947338A99ECC256DC6E39CE45F9D701.e.17"},{"element-6066-11e4-a52e-4f735466cecf":"f.5FB525146778747527AEEAB5A8639E4B.d.A947338A99ECC256DC6E39CE45F9D701.e.18"}]} | headers=HTTPHeaderDict({'Content-Length': '362', 'Content-Type': 'application/json; charset=utf-8', 'cache-control': 'no-cache'})
2025-07-10 20:46:44,441 - selenium.webdriver.remote.remote_connection - DEBUG - Finished Request
2025-07-10 20:46:44,441 - selenium.webdriver.remote.remote_connection - DEBUG - DELETE http://localhost:62288/session/af7d3453dcc0c3e4e2c73ff979da12e2 {}
2025-07-10 20:46:44,494 - urllib3.connectionpool - DEBUG - http://localhost:62288 "DELETE /session/af7d3453dcc0c3e4e2c73ff979da12e2 HTTP/1.1" 200 0
2025-07-10 20:46:44,494 - selenium.webdriver.remote.remote_connection - DEBUG - Remote response: status=200 | data={"value":null} | headers=HTTPHeaderDict({'Content-Length': '14', 'Content-Type': 'application/json; charset=utf-8', 'cache-control': 'no-cache'})
2025-07-10 20:46:44,494 - selenium.webdriver.remote.remote_connection - DEBUG - Finished Request
2025-07-10 20:46:44,514 - selenium.webdriver.common.selenium_manager - DEBUG - Selenium Manager binary found at: /Library/Frameworks/Python.framework/Versions/3.12/lib/python3.12/site-packages/selenium/webdriver/common/macos/selenium-manager
2025-07-10 20:46:44,514 - selenium.webdriver.common.selenium_manager - DEBUG - Executing process: /Library/Frameworks/Python.framework/Versions/3.12/lib/python3.12/site-packages/selenium/webdriver/common/macos/selenium-manager --browser chrome --debug --language-binding python --output json
2025-07-10 20:46:44,582 - selenium.webdriver.common.selenium_manager - DEBUG - Found chromedriver 138.0.7204.92 in PATH: /opt/homebrew/bin/chromedriver
2025-07-10 20:46:44,582 - selenium.webdriver.common.selenium_manager - DEBUG - chrome detected at /Applications/Google Chrome.app/Contents/MacOS/Google Chrome
2025-07-10 20:46:44,582 - selenium.webdriver.common.selenium_manager - DEBUG - Running command: /Applications/Google\ Chrome.app/Contents/MacOS/Google\ Chrome --version
2025-07-10 20:46:44,582 - selenium.webdriver.common.selenium_manager - DEBUG - Output: "Google Chrome 138.0.7204.100 "
2025-07-10 20:46:44,582 - selenium.webdriver.common.selenium_manager - DEBUG - Detected browser: chrome 138.0.7204.100
2025-07-10 20:46:44,582 - selenium.webdriver.common.selenium_manager - DEBUG - Required driver: chromedriver 138.0.7204.94
2025-07-10 20:46:44,582 - selenium.webdriver.common.selenium_manager - DEBUG - Driver path: /opt/homebrew/bin/chromedriver
2025-07-10 20:46:44,582 - selenium.webdriver.common.selenium_manager - DEBUG - Browser path: /Applications/Google Chrome.app/Contents/MacOS/Google Chrome
2025-07-10 20:46:44,584 - selenium.webdriver.common.service - DEBUG - Started executable: `/opt/homebrew/bin/chromedriver` in a child process with pid: 73175 using 0 to output -3
2025-07-10 20:46:44,598 - selenium.webdriver.remote.remote_connection - DEBUG - POST http://localhost:62319/session {'capabilities': {'firstMatch': [{}], 'alwaysMatch': {'browserName': 'chrome', 'pageLoadStrategy': <PageLoadStrategy.normal: 'normal'>, 'browserVersion': None, 'goog:chromeOptions': {'extensions': [], 'binary': '/Applications/Google Chrome.app/Contents/MacOS/Google Chrome', 'args': ['--headless', '--no-sandbox', '--disable-dev-shm-usage', '--user-agent=Mozilla/5.0 (Macintosh; Intel Mac OS X 10_15_7) AppleWebKit/537.36']}}}}
2025-07-10 20:46:44,598 - urllib3.connectionpool - DEBUG - Starting new HTTP connection (1): localhost:62319
2025-07-10 20:46:44,886 - urllib3.connectionpool - DEBUG - http://localhost:62319 "POST /session HTTP/1.1" 200 0
2025-07-10 20:46:44,886 - selenium.webdriver.remote.remote_connection - DEBUG - Remote response: status=200 | data={"value":{"capabilities":{"acceptInsecureCerts":false,"browserName":"chrome","browserVersion":"138.0.7204.100","chrome":{"chromedriverVersion":"138.0.7204.92 (f079b9bc781e3c2adb1496ea1d72812deb0ddb3d-refs/branch-heads/7204_50@{#8})","userDataDir":"/var/folders/k0/qb_t2c8s0ml8ndp82vnmq3p80000gn/T/.org.chromium.Chromium.31vViN"},"fedcm:accounts":true,"goog:chromeOptions":{"debuggerAddress":"localhost:62324"},"networkConnectionEnabled":false,"pageLoadStrategy":"normal","platformName":"mac","proxy":{},"setWindowRect":true,"strictFileInteractability":false,"timeouts":{"implicit":0,"pageLoad":300000,"script":30000},"unhandledPromptBehavior":"dismiss and notify","webauthn:extension:credBlob":true,"webauthn:extension:largeBlob":true,"webauthn:extension:minPinLength":true,"webauthn:extension:prf":true,"webauthn:virtualAuthenticators":true},"sessionId":"e0eaea976a1cc67ff74cdb72348c4a81"}} | headers=HTTPHeaderDict({'Content-Length': '891', 'Content-Type': 'application/json; charset=utf-8', 'cache-control': 'no-cache'})
2025-07-10 20:46:44,886 - selenium.webdriver.remote.remote_connection - DEBUG - Finished Request
2025-07-10 20:46:44,887 - selenium.webdriver.remote.remote_connection - DEBUG - POST http://localhost:62319/session/e0eaea976a1cc67ff74cdb72348c4a81/timeouts {'pageLoad': 30000}
2025-07-10 20:46:44,889 - urllib3.connectionpool - DEBUG - http://localhost:62319 "POST /session/e0eaea976a1cc67ff74cdb72348c4a81/timeouts HTTP/1.1" 200 0
2025-07-10 20:46:44,890 - selenium.webdriver.remote.remote_connection - DEBUG - Remote response: status=200 | data={"value":null} | headers=HTTPHeaderDict({'Content-Length': '14', 'Content-Type': 'application/json; charset=utf-8', 'cache-control': 'no-cache'})
2025-07-10 20:46:44,890 - selenium.webdriver.remote.remote_connection - DEBUG - Finished Request
2025-07-10 20:46:44,890 - selenium.webdriver.remote.remote_connection - DEBUG - POST http://localhost:62319/session/e0eaea976a1cc67ff74cdb72348c4a81/url {'url': 'http://sifin.siam.org'}
2025-07-10 20:46:47,067 - urllib3.connectionpool - DEBUG - http://localhost:62319 "POST /session/e0eaea976a1cc67ff74cdb72348c4a81/url HTTP/1.1" 200 0
2025-07-10 20:46:47,067 - selenium.webdriver.remote.remote_connection - DEBUG - Remote response: status=200 | data={"value":null} | headers=HTTPHeaderDict({'Content-Length': '14', 'Content-Type': 'application/json; charset=utf-8', 'cache-control': 'no-cache'})
2025-07-10 20:46:47,067 - selenium.webdriver.remote.remote_connection - DEBUG - Finished Request
2025-07-10 20:46:50,072 - selenium.webdriver.remote.remote_connection - DEBUG - GET http://localhost:62319/session/e0eaea976a1cc67ff74cdb72348c4a81/title {}
2025-07-10 20:46:50,074 - urllib3.connectionpool - DEBUG - http://localhost:62319 "GET /session/e0eaea976a1cc67ff74cdb72348c4a81/title HTTP/1.1" 200 0
2025-07-10 20:46:50,074 - selenium.webdriver.remote.remote_connection - DEBUG - Remote response: status=200 | data={"value":"SIAM Journal on Financial Mathematics"} | headers=HTTPHeaderDict({'Content-Length': '49', 'Content-Type': 'application/json; charset=utf-8', 'cache-control': 'no-cache'})
2025-07-10 20:46:50,074 - selenium.webdriver.remote.remote_connection - DEBUG - Finished Request
2025-07-10 20:46:50,074 - selenium.webdriver.remote.remote_connection - DEBUG - POST http://localhost:62319/session/e0eaea976a1cc67ff74cdb72348c4a81/elements {'using': 'xpath', 'value': "//*[contains(@src, 'orcid') or contains(text(), 'ORCID')]"}
2025-07-10 20:46:50,079 - urllib3.connectionpool - DEBUG - http://localhost:62319 "POST /session/e0eaea976a1cc67ff74cdb72348c4a81/elements HTTP/1.1" 200 0
2025-07-10 20:46:50,079 - selenium.webdriver.remote.remote_connection - DEBUG - Remote response: status=200 | data={"value":[{"element-6066-11e4-a52e-4f735466cecf":"f.D51C041A20BC02A68D3217B8C0CE1B02.d.1EF0EEA4D4D56BFA0569EFFC6EC9C9C2.e.15"},{"element-6066-11e4-a52e-4f735466cecf":"f.D51C041A20BC02A68D3217B8C0CE1B02.d.1EF0EEA4D4D56BFA0569EFFC6EC9C9C2.e.16"},{"element-6066-11e4-a52e-4f735466cecf":"f.D51C041A20BC02A68D3217B8C0CE1B02.d.1EF0EEA4D4D56BFA0569EFFC6EC9C9C2.e.17"}]} | headers=HTTPHeaderDict({'Content-Length': '362', 'Content-Type': 'application/json; charset=utf-8', 'cache-control': 'no-cache'})
2025-07-10 20:46:50,079 - selenium.webdriver.remote.remote_connection - DEBUG - Finished Request
2025-07-10 20:46:50,079 - selenium.webdriver.remote.remote_connection - DEBUG - DELETE http://localhost:62319/session/e0eaea976a1cc67ff74cdb72348c4a81 {}
2025-07-10 20:46:50,134 - urllib3.connectionpool - DEBUG - http://localhost:62319 "DELETE /session/e0eaea976a1cc67ff74cdb72348c4a81 HTTP/1.1" 200 0
2025-07-10 20:46:50,135 - selenium.webdriver.remote.remote_connection - DEBUG - Remote response: status=200 | data={"value":null} | headers=HTTPHeaderDict({'Content-Length': '14', 'Content-Type': 'application/json; charset=utf-8', 'cache-control': 'no-cache'})
2025-07-10 20:46:50,135 - selenium.webdriver.remote.remote_connection - DEBUG - Finished Request
