2025-07-10 20:39:56,904 - selenium.webdriver.common.selenium_manager - DEBUG - Selenium Manager binary found at: /Library/Frameworks/Python.framework/Versions/3.12/lib/python3.12/site-packages/selenium/webdriver/common/macos/selenium-manager
2025-07-10 20:39:56,904 - selenium.webdriver.common.selenium_manager - DEBUG - Executing process: /Library/Frameworks/Python.framework/Versions/3.12/lib/python3.12/site-packages/selenium/webdriver/common/macos/selenium-manager --browser chrome --debug --language-binding python --output json
2025-07-10 20:39:57,034 - selenium.webdriver.common.selenium_manager - DEBUG - Found chromedriver 138.0.7204.92 in PATH: /opt/homebrew/bin/chromedriver
2025-07-10 20:39:57,034 - selenium.webdriver.common.selenium_manager - DEBUG - chrome detected at /Applications/Google Chrome.app/Contents/MacOS/Google Chrome
2025-07-10 20:39:57,034 - selenium.webdriver.common.selenium_manager - DEBUG - Running command: /Applications/Google\ Chrome.app/Contents/MacOS/Google\ Chrome --version
2025-07-10 20:39:57,034 - selenium.webdriver.common.selenium_manager - DEBUG - Output: "Google Chrome 138.0.7204.100 "
2025-07-10 20:39:57,034 - selenium.webdriver.common.selenium_manager - DEBUG - Detected browser: chrome 138.0.7204.100
2025-07-10 20:39:57,034 - selenium.webdriver.common.selenium_manager - DEBUG - Required driver: chromedriver 138.0.7204.94
2025-07-10 20:39:57,034 - selenium.webdriver.common.selenium_manager - DEBUG - Driver path: /opt/homebrew/bin/chromedriver
2025-07-10 20:39:57,034 - selenium.webdriver.common.selenium_manager - DEBUG - Browser path: /Applications/Google Chrome.app/Contents/MacOS/Google Chrome
2025-07-10 20:39:57,036 - selenium.webdriver.common.service - DEBUG - Started executable: `/opt/homebrew/bin/chromedriver` in a child process with pid: 70749 using 0 to output -3
2025-07-10 20:39:57,113 - selenium.webdriver.remote.remote_connection - DEBUG - POST http://localhost:61635/session {'capabilities': {'firstMatch': [{}], 'alwaysMatch': {'browserName': 'chrome', 'pageLoadStrategy': <PageLoadStrategy.normal: 'normal'>, 'browserVersion': None, 'goog:chromeOptions': {'extensions': [], 'binary': '/Applications/Google Chrome.app/Contents/MacOS/Google Chrome', 'args': ['--headless', '--no-sandbox', '--disable-dev-shm-usage', '--user-agent=Mozilla/5.0 (Macintosh; Intel Mac OS X 10_15_7) AppleWebKit/537.36']}}}}
2025-07-10 20:39:57,114 - urllib3.connectionpool - DEBUG - Starting new HTTP connection (1): localhost:61635
2025-07-10 20:39:57,557 - urllib3.connectionpool - DEBUG - http://localhost:61635 "POST /session HTTP/1.1" 200 0
2025-07-10 20:39:57,558 - selenium.webdriver.remote.remote_connection - DEBUG - Remote response: status=200 | data={"value":{"capabilities":{"acceptInsecureCerts":false,"browserName":"chrome","browserVersion":"138.0.7204.100","chrome":{"chromedriverVersion":"138.0.7204.92 (f079b9bc781e3c2adb1496ea1d72812deb0ddb3d-refs/branch-heads/7204_50@{#8})","userDataDir":"/var/folders/k0/qb_t2c8s0ml8ndp82vnmq3p80000gn/T/.org.chromium.Chromium.YcqjLE"},"fedcm:accounts":true,"goog:chromeOptions":{"debuggerAddress":"localhost:61648"},"networkConnectionEnabled":false,"pageLoadStrategy":"normal","platformName":"mac","proxy":{},"setWindowRect":true,"strictFileInteractability":false,"timeouts":{"implicit":0,"pageLoad":300000,"script":30000},"unhandledPromptBehavior":"dismiss and notify","webauthn:extension:credBlob":true,"webauthn:extension:largeBlob":true,"webauthn:extension:minPinLength":true,"webauthn:extension:prf":true,"webauthn:virtualAuthenticators":true},"sessionId":"1b49036543f7e629f8be0933ef9e08f3"}} | headers=HTTPHeaderDict({'Content-Length': '891', 'Content-Type': 'application/json; charset=utf-8', 'cache-control': 'no-cache'})
2025-07-10 20:39:57,558 - selenium.webdriver.remote.remote_connection - DEBUG - Finished Request
2025-07-10 20:39:57,558 - selenium.webdriver.remote.remote_connection - DEBUG - POST http://localhost:61635/session/1b49036543f7e629f8be0933ef9e08f3/timeouts {'pageLoad': 30000}
2025-07-10 20:39:57,559 - urllib3.connectionpool - DEBUG - http://localhost:61635 "POST /session/1b49036543f7e629f8be0933ef9e08f3/timeouts HTTP/1.1" 200 0
2025-07-10 20:39:57,559 - selenium.webdriver.remote.remote_connection - DEBUG - Remote response: status=200 | data={"value":null} | headers=HTTPHeaderDict({'Content-Length': '14', 'Content-Type': 'application/json; charset=utf-8', 'cache-control': 'no-cache'})
2025-07-10 20:39:57,560 - selenium.webdriver.remote.remote_connection - DEBUG - Finished Request
2025-07-10 20:39:57,560 - selenium.webdriver.remote.remote_connection - DEBUG - POST http://localhost:61635/session/1b49036543f7e629f8be0933ef9e08f3/url {'url': 'http://sicon.siam.org'}
2025-07-10 20:39:59,534 - urllib3.connectionpool - DEBUG - http://localhost:61635 "POST /session/1b49036543f7e629f8be0933ef9e08f3/url HTTP/1.1" 200 0
2025-07-10 20:39:59,534 - selenium.webdriver.remote.remote_connection - DEBUG - Remote response: status=200 | data={"value":null} | headers=HTTPHeaderDict({'Content-Length': '14', 'Content-Type': 'application/json; charset=utf-8', 'cache-control': 'no-cache'})
2025-07-10 20:39:59,535 - selenium.webdriver.remote.remote_connection - DEBUG - Finished Request
2025-07-10 20:40:02,541 - selenium.webdriver.remote.remote_connection - DEBUG - GET http://localhost:61635/session/1b49036543f7e629f8be0933ef9e08f3/title {}
2025-07-10 20:40:02,548 - urllib3.connectionpool - DEBUG - http://localhost:61635 "GET /session/1b49036543f7e629f8be0933ef9e08f3/title HTTP/1.1" 200 0
2025-07-10 20:40:02,548 - selenium.webdriver.remote.remote_connection - DEBUG - Remote response: status=200 | data={"value":"SIAM Journal on Control and Optimization"} | headers=HTTPHeaderDict({'Content-Length': '52', 'Content-Type': 'application/json; charset=utf-8', 'cache-control': 'no-cache'})
2025-07-10 20:40:02,548 - selenium.webdriver.remote.remote_connection - DEBUG - Finished Request
2025-07-10 20:40:02,548 - selenium.webdriver.remote.remote_connection - DEBUG - POST http://localhost:61635/session/1b49036543f7e629f8be0933ef9e08f3/elements {'using': 'xpath', 'value': "//*[contains(@src, 'orcid') or contains(text(), 'ORCID')]"}
2025-07-10 20:40:02,558 - urllib3.connectionpool - DEBUG - http://localhost:61635 "POST /session/1b49036543f7e629f8be0933ef9e08f3/elements HTTP/1.1" 200 0
2025-07-10 20:40:02,558 - selenium.webdriver.remote.remote_connection - DEBUG - Remote response: status=200 | data={"value":[{"element-6066-11e4-a52e-4f735466cecf":"f.963C0EA921735EEF3460947F722D748F.d.12B401FA309531C15401B8897B2004CD.e.16"},{"element-6066-11e4-a52e-4f735466cecf":"f.963C0EA921735EEF3460947F722D748F.d.12B401FA309531C15401B8897B2004CD.e.17"},{"element-6066-11e4-a52e-4f735466cecf":"f.963C0EA921735EEF3460947F722D748F.d.12B401FA309531C15401B8897B2004CD.e.18"}]} | headers=HTTPHeaderDict({'Content-Length': '362', 'Content-Type': 'application/json; charset=utf-8', 'cache-control': 'no-cache'})
2025-07-10 20:40:02,558 - selenium.webdriver.remote.remote_connection - DEBUG - Finished Request
2025-07-10 20:40:02,558 - selenium.webdriver.remote.remote_connection - DEBUG - DELETE http://localhost:61635/session/1b49036543f7e629f8be0933ef9e08f3 {}
2025-07-10 20:40:02,611 - urllib3.connectionpool - DEBUG - http://localhost:61635 "DELETE /session/1b49036543f7e629f8be0933ef9e08f3 HTTP/1.1" 200 0
2025-07-10 20:40:02,611 - selenium.webdriver.remote.remote_connection - DEBUG - Remote response: status=200 | data={"value":null} | headers=HTTPHeaderDict({'Content-Length': '14', 'Content-Type': 'application/json; charset=utf-8', 'cache-control': 'no-cache'})
2025-07-10 20:40:02,611 - selenium.webdriver.remote.remote_connection - DEBUG - Finished Request
2025-07-10 20:40:02,638 - selenium.webdriver.common.selenium_manager - DEBUG - Selenium Manager binary found at: /Library/Frameworks/Python.framework/Versions/3.12/lib/python3.12/site-packages/selenium/webdriver/common/macos/selenium-manager
2025-07-10 20:40:02,638 - selenium.webdriver.common.selenium_manager - DEBUG - Executing process: /Library/Frameworks/Python.framework/Versions/3.12/lib/python3.12/site-packages/selenium/webdriver/common/macos/selenium-manager --browser chrome --debug --language-binding python --output json
2025-07-10 20:40:02,690 - selenium.webdriver.common.selenium_manager - DEBUG - Found chromedriver 138.0.7204.92 in PATH: /opt/homebrew/bin/chromedriver
2025-07-10 20:40:02,690 - selenium.webdriver.common.selenium_manager - DEBUG - chrome detected at /Applications/Google Chrome.app/Contents/MacOS/Google Chrome
2025-07-10 20:40:02,690 - selenium.webdriver.common.selenium_manager - DEBUG - Running command: /Applications/Google\ Chrome.app/Contents/MacOS/Google\ Chrome --version
2025-07-10 20:40:02,690 - selenium.webdriver.common.selenium_manager - DEBUG - Output: "Google Chrome 138.0.7204.100 "
2025-07-10 20:40:02,690 - selenium.webdriver.common.selenium_manager - DEBUG - Detected browser: chrome 138.0.7204.100
2025-07-10 20:40:02,690 - selenium.webdriver.common.selenium_manager - DEBUG - Required driver: chromedriver 138.0.7204.94
2025-07-10 20:40:02,690 - selenium.webdriver.common.selenium_manager - DEBUG - Driver path: /opt/homebrew/bin/chromedriver
2025-07-10 20:40:02,690 - selenium.webdriver.common.selenium_manager - DEBUG - Browser path: /Applications/Google Chrome.app/Contents/MacOS/Google Chrome
2025-07-10 20:40:02,692 - selenium.webdriver.common.service - DEBUG - Started executable: `/opt/homebrew/bin/chromedriver` in a child process with pid: 70843 using 0 to output -3
2025-07-10 20:40:02,707 - selenium.webdriver.remote.remote_connection - DEBUG - POST http://localhost:61675/session {'capabilities': {'firstMatch': [{}], 'alwaysMatch': {'browserName': 'chrome', 'pageLoadStrategy': <PageLoadStrategy.normal: 'normal'>, 'browserVersion': None, 'goog:chromeOptions': {'extensions': [], 'binary': '/Applications/Google Chrome.app/Contents/MacOS/Google Chrome', 'args': ['--headless', '--no-sandbox', '--disable-dev-shm-usage', '--user-agent=Mozilla/5.0 (Macintosh; Intel Mac OS X 10_15_7) AppleWebKit/537.36']}}}}
2025-07-10 20:40:02,710 - urllib3.connectionpool - DEBUG - Starting new HTTP connection (1): localhost:61675
2025-07-10 20:40:03,007 - urllib3.connectionpool - DEBUG - http://localhost:61675 "POST /session HTTP/1.1" 200 0
2025-07-10 20:40:03,007 - selenium.webdriver.remote.remote_connection - DEBUG - Remote response: status=200 | data={"value":{"capabilities":{"acceptInsecureCerts":false,"browserName":"chrome","browserVersion":"138.0.7204.100","chrome":{"chromedriverVersion":"138.0.7204.92 (f079b9bc781e3c2adb1496ea1d72812deb0ddb3d-refs/branch-heads/7204_50@{#8})","userDataDir":"/var/folders/k0/qb_t2c8s0ml8ndp82vnmq3p80000gn/T/.org.chromium.Chromium.XqoXAd"},"fedcm:accounts":true,"goog:chromeOptions":{"debuggerAddress":"localhost:61680"},"networkConnectionEnabled":false,"pageLoadStrategy":"normal","platformName":"mac","proxy":{},"setWindowRect":true,"strictFileInteractability":false,"timeouts":{"implicit":0,"pageLoad":300000,"script":30000},"unhandledPromptBehavior":"dismiss and notify","webauthn:extension:credBlob":true,"webauthn:extension:largeBlob":true,"webauthn:extension:minPinLength":true,"webauthn:extension:prf":true,"webauthn:virtualAuthenticators":true},"sessionId":"0b8d45b90fdaedc9db0b7542ea0fc701"}} | headers=HTTPHeaderDict({'Content-Length': '891', 'Content-Type': 'application/json; charset=utf-8', 'cache-control': 'no-cache'})
2025-07-10 20:40:03,007 - selenium.webdriver.remote.remote_connection - DEBUG - Finished Request
2025-07-10 20:40:03,008 - selenium.webdriver.remote.remote_connection - DEBUG - POST http://localhost:61675/session/0b8d45b90fdaedc9db0b7542ea0fc701/timeouts {'pageLoad': 30000}
2025-07-10 20:40:03,009 - urllib3.connectionpool - DEBUG - http://localhost:61675 "POST /session/0b8d45b90fdaedc9db0b7542ea0fc701/timeouts HTTP/1.1" 200 0
2025-07-10 20:40:03,009 - selenium.webdriver.remote.remote_connection - DEBUG - Remote response: status=200 | data={"value":null} | headers=HTTPHeaderDict({'Content-Length': '14', 'Content-Type': 'application/json; charset=utf-8', 'cache-control': 'no-cache'})
2025-07-10 20:40:03,009 - selenium.webdriver.remote.remote_connection - DEBUG - Finished Request
2025-07-10 20:40:03,009 - selenium.webdriver.remote.remote_connection - DEBUG - POST http://localhost:61675/session/0b8d45b90fdaedc9db0b7542ea0fc701/url {'url': 'http://sifin.siam.org'}
2025-07-10 20:40:04,955 - urllib3.connectionpool - DEBUG - http://localhost:61675 "POST /session/0b8d45b90fdaedc9db0b7542ea0fc701/url HTTP/1.1" 200 0
2025-07-10 20:40:04,959 - selenium.webdriver.remote.remote_connection - DEBUG - Remote response: status=200 | data={"value":null} | headers=HTTPHeaderDict({'Content-Length': '14', 'Content-Type': 'application/json; charset=utf-8', 'cache-control': 'no-cache'})
2025-07-10 20:40:04,959 - selenium.webdriver.remote.remote_connection - DEBUG - Finished Request
2025-07-10 20:40:07,964 - selenium.webdriver.remote.remote_connection - DEBUG - GET http://localhost:61675/session/0b8d45b90fdaedc9db0b7542ea0fc701/title {}
2025-07-10 20:40:07,972 - urllib3.connectionpool - DEBUG - http://localhost:61675 "GET /session/0b8d45b90fdaedc9db0b7542ea0fc701/title HTTP/1.1" 200 0
2025-07-10 20:40:07,972 - selenium.webdriver.remote.remote_connection - DEBUG - Remote response: status=200 | data={"value":"SIAM Journal on Financial Mathematics"} | headers=HTTPHeaderDict({'Content-Length': '49', 'Content-Type': 'application/json; charset=utf-8', 'cache-control': 'no-cache'})
2025-07-10 20:40:07,972 - selenium.webdriver.remote.remote_connection - DEBUG - Finished Request
2025-07-10 20:40:07,972 - selenium.webdriver.remote.remote_connection - DEBUG - POST http://localhost:61675/session/0b8d45b90fdaedc9db0b7542ea0fc701/elements {'using': 'xpath', 'value': "//*[contains(@src, 'orcid') or contains(text(), 'ORCID')]"}
2025-07-10 20:40:07,982 - urllib3.connectionpool - DEBUG - http://localhost:61675 "POST /session/0b8d45b90fdaedc9db0b7542ea0fc701/elements HTTP/1.1" 200 0
2025-07-10 20:40:07,982 - selenium.webdriver.remote.remote_connection - DEBUG - Remote response: status=200 | data={"value":[{"element-6066-11e4-a52e-4f735466cecf":"f.CE3DA6AC16CC99F6DAB646EF593F8F28.d.C9EF1C08F25758487016F1AB76D5A141.e.15"},{"element-6066-11e4-a52e-4f735466cecf":"f.CE3DA6AC16CC99F6DAB646EF593F8F28.d.C9EF1C08F25758487016F1AB76D5A141.e.16"},{"element-6066-11e4-a52e-4f735466cecf":"f.CE3DA6AC16CC99F6DAB646EF593F8F28.d.C9EF1C08F25758487016F1AB76D5A141.e.17"}]} | headers=HTTPHeaderDict({'Content-Length': '362', 'Content-Type': 'application/json; charset=utf-8', 'cache-control': 'no-cache'})
2025-07-10 20:40:07,982 - selenium.webdriver.remote.remote_connection - DEBUG - Finished Request
2025-07-10 20:40:07,982 - selenium.webdriver.remote.remote_connection - DEBUG - DELETE http://localhost:61675/session/0b8d45b90fdaedc9db0b7542ea0fc701 {}
2025-07-10 20:40:08,038 - urllib3.connectionpool - DEBUG - http://localhost:61675 "DELETE /session/0b8d45b90fdaedc9db0b7542ea0fc701 HTTP/1.1" 200 0
2025-07-10 20:40:08,038 - selenium.webdriver.remote.remote_connection - DEBUG - Remote response: status=200 | data={"value":null} | headers=HTTPHeaderDict({'Content-Length': '14', 'Content-Type': 'application/json; charset=utf-8', 'cache-control': 'no-cache'})
2025-07-10 20:40:08,038 - selenium.webdriver.remote.remote_connection - DEBUG - Finished Request
